81549	u.s.
42194	nyse
26987	ceo
23358	sydney morning herald
18470	congress
18215	eu
17120	syria
16770	north america
14910	source
14065	cnn
13197	nfl
12306	new york
11776	islamic state
11139	uk
10873	israeli
10853	narendra modi
10490	dragon ball
10298	european union
9871	exchange commission
9636	bbc
8400	the
8398	afghanistan
8382	middle east
8204	barack obama
8159	sec
8060	fda
7946	gop
7914	logo
7802	u.n.
7763	abc
7637	new jersey
7605	zacks
7525	ap
7459	nsw
7437	ministry
7430	bjp
7421	palestinian
7411	supreme court
7376	donald trump
7349	saudi arabia
7144	washington
7138	usa
7130	nasdaq
7069	new york city
7057	microsoft
6959	white house
6824	new york times
6785	iraq
6570	south africa
6368	greek
6313	german
6287	university
6280	android
6250	pope francis
6046	republican
5903	pakistan
5901	syrian
5874	serbia
5714	north carolina
5674	afp
5610	latin america
5579	senate
5521	turkish
5516	south korea
5512	epa
5462	ukraine
5389	espn
5380	wales
5373	prweb
5349	uae
5332	gdp
5309	hungarian
5282	wall street
5258	chief executive officer
5229	south carolina
5205	new zealand
5178	greece
5171	uzbekistan
5145	iranian
5143	democratic
5091	us open
5016	turkey
4863	free
4833	calcutta
4798	nba
4788	private securities litigation reform act
4782	mediterranean
4733	new hampshire
4670	nbc
4649	fairfax media
4628	ibm
4608	modi
4600	david cameron
4577	japanese
4510	daily mail
4474	muslim
4436	fbi
4430	vw
4419	assad
4405	media contact
4386	hungary
4347	google
4296	northern ireland
4280	labour
4276	apple
4274	pennsylvania
4254	afghan
4224	contact
4200	super bowl
4199	silicon valley
4199	champions league
4188	safari
4186	murray
4173	asia pacific
4159	ca
4110	russian
4083	related
4077	business
4064	parliament
4030	manchester united
4008	st. louis
3987	london
3987	annual report
3958	copyright pa
3935	north korea
3917	grand slam
3875	md
3870	new england
3869	sweden
3858	bmw
3847	european commission
3830	chinese
3823	cuba
3814	nhl
3802	facebook twitter google
3784	dna
3781	real madrid
3774	sri lanka
3760	alzheimer
3740	read
3719	login choose
3708	bush
3692	nigerian
3686	new
3685	arsenal
3677	usd
3669	kashmir
3647	abbott
3643	brazilian
3631	twickenham
3623	bangladesh
3577	cbs
3547	spanish
3542	poland
3518	tsx venture exchange
3486	old trafford
3477	washington post
3476	thailand
3466	european
3463	toronto
3455	libya
3440	directors
3439	austria
3437	stock market
3420	thrones
3404	mexican
3400	chelsea
3381	rbi
3372	kim davis
3364	huffington post
3362	commerce
3360	vietnam
3357	associated press
3356	oregon
3347	fiji
3340	subscription required an
3325	cuban
3311	state department
3276	massachusetts
3263	scottish
3263	argentina
3256	aci association
3240	arab
3231	korean
3225	muslims
3218	islam
3197	not
3194	nhs
3192	abc australia
3177	americas
3176	southern california
3173	ians
3164	south america
3158	medicare
3158	senior vice
3146	denmark
3142	rss
3137	apple watch
3131	harper
3129	obama
3101	connecticut
3080	wall street journal
3057	un
3050	intel
3047	azerbaijan
3023	italian
2978	sap
2976	et
2969	guardian
2947	itv
2935	pr newswire
2933	bihar
2921	thomson reuters
2915	czech republic
2914	ncaa
2910	scotland
2897	hiv
2894	wimbledon
2888	taliban
2880	hillary clinton
2879	african
2879	drug administration
2877	deutsche bank
2875	receive news
2869	cowboys
2860	ucla
2858	vladimir putin
2854	yemen
2848	sbwire
2843	volkswagen
2842	austrian
2839	new mexico
2826	bashar
2817	ebitda
2794	ecb
2791	imf
2769	pakistani
2766	iraqi
2754	christ
2753	boston herald
2743	investor relations
2739	us
2739	egypt
2734	jeremy corbyn
2717	ndp
2706	founder
2692	tony abbott
2692	louisiana
2688	santa clara convention center
2684	hide
2679	npr
2678	biden
2676	netflix
2666	arkansas
2660	ohio state
2659	nrl
2650	hp
2632	boko haram
2632	agriculture
2629	usc
2603	ghana
2600	lgbt
2597	snp
2594	parenthood
2582	tom brady
2567	australian
2567	gaap
2559	medicine
2555	portugal
2553	finland
2540	james bond
2536	tsx
2526	mourinho
2525	labour party
2515	watson
2511	usb
2502	national association
2499	nigeria
2498	planned parenthood
2489	pentagon
2487	alaska
2486	notre dame
2483	puerto rico
2483	apac
2473	swedish
2472	mccarthy
2468	putin
2465	credit suisse
2463	egyptian
2449	indonesia
2442	wisconsin
2441	ericsson
2438	lon
2434	nepal
2429	liverpool
2427	jones
2427	ny
2424	ukrainian
2418	samsung
2417	high court
2416	stuff
2415	colbert
2410	catholic church
2407	lsu
2397	italy
2396	wwe
2395	medicaid
2394	iran
2393	carly fiorina
2383	suv
2380	everton
2368	unhcr
2360	british columbia
2348	share share
2327	san francisco
2326	britain
2324	edt
2324	cctv
2322	john kerry
2319	huawei
2311	danish
2311	hawaii
2311	uruguay
2310	afl
2303	maine
2303	islamic
2302	march
2300	dallas cowboys
2296	pdf
2285	new england patriots
2281	united arab emirates
2279	jesus
2273	ferrari
2272	kazakhstan
2259	disease control
2256	kentucky
2255	boston
2249	burkina faso
2247	vermont
2247	sky news
2238	south florida
2238	reviewer
2237	serbian
2230	van gaal
2227	apc
2227	devops
2227	executive vice
2221	zacks investment research
2207	russia
2206	jeb bush
2204	norwegian
2201	july
2201	___
2196	cdc
2191	pkk
2185	orop
2180	victorian
2171	herald
2171	bcci
2167	salesforce
2165	los angeles times
2165	trump
2149	click
2147	west virginia
2146	aap
2141	brazil
2137	cfo
2137	pitney bowes inc
2136	google scholar
2135	boehner
2131	english
2130	wenger
2129	caribbean
2123	crm
2118	pdp
2110	google play
2103	malaysian
2100	marketwired
2096	human rights
2096	eagles
2094	business insider
2091	pti
2089	warner
2083	hbo
2078	irs
2072	u.s. open
2070	commons
2064	lte
2051	uzdaily
2050	swiss
2048	fame
2044	api
2040	islamist
2038	disney
2038	spain
2037	belarus
2025	mondaq
2023	mccown
2023	indonesian
2020	venezuela
2019	jesus christ
2015	north dakota
2009	federer
2008	indiana
2007	buhari
2006	west bank
2001	publisher
1992	executive director
1991	lng
1990	morgan
1988	star wars
1986	corbyn
1985	ict
1984	taylor swift
1979	reserve bank
1975	tigers
1970	western europe
1964	technology
1960	key topics
1952	jose mourinho
1947	ratings
1941	dc
1934	scott walker
1933	aylan kurdi
1932	iceland
1929	abc news
1922	schmidt
1919	bernie sanders
1919	thai
1913	joe biden
1911	bureau
1910	minnesota
1909	belgian
1907	portuguese
1904	emea
1903	west ham
1902	malaysia
1898	air force
1894	croatia
1892	rubio
1885	ebola
1884	muhammadu buhari
1884	turnbull
1872	djokovic
1867	europe
1865	aston villa
1865	tottenham
1865	blatter
1864	asian
1858	gm
1858	fox
1847	morgan stanley
1842	siriusxm
1841	cbi
1840	napsi
1839	carter
1839	dvd
1837	ethiopia
1836	ps4
1832	august
1832	macedonia
1832	red sox
1825	mr.
1825	norway
1824	dutch
1822	gartner
1816	trades
1816	chicago
1813	san
1811	video
1808	penn state
1808	queen
1805	patriots
1802	liberal party
1797	liberal
1796	costa
1791	new york stock exchange
1789	tennessee
1789	cnbc
1788	group
1788	alabama
1785	sudan
1785	south sudan
1784	zimbabwe
1782	fiorina
1781	financialcontent services
1781	prconnect
1781	app store
1780	json data
1777	usda
1777	cambodia
1772	kenya
1769	wildcats
1769	bayern munich
1758	gst
1752	slovakia
1748	otcqb
1745	croatian
1743	colombia
1743	missouri
1742	stephen colbert
1739	merkel
1738	west coast
1737	ge
1737	sinn fein
1735	lewis hamilton
1733	cnnmoney
1732	northern california
1728	yankees
1726	south china sea
1725	chief executive
1724	utah
1722	kerry
1721	fcc
1717	cloud
1717	cruz
1716	midwest
1716	new york fashion week
1716	serena williams
1716	bryant
1711	cia
1708	christmas
1707	bpt
1706	cook
1702	google groups
1696	michigan state
1696	arctic
1695	bank
1693	ireland
1692	rodgers
1690	republican party
1688	christie
1686	korea
1686	hsbc
1681	los angeles
1679	city council
1679	sanders
1678	blue jays
1672	treasury
1670	nfc
1666	nebraska
1664	bulldogs
1663	arabic
1660	auckland
1656	key
1651	army
1649	earth
1649	bergdahl
1648	ufc
1646	rooney
1646	cpi
1645	north africa
1642	kelly
1637	great britain
1634	xinhua
1631	ein newsdesk
1629	dow jones
1629	company news
1628	bulgaria
1627	lamb
1626	email news alerts datamine
1626	rss news feeds stream
1626	ein presswire
1624	qatar
1624	mtv
1623	lesbos
1623	cbd
1623	nda
1620	kanye west
1618	somalia
1615	broadway
1615	frenchman
1609	education
1608	dublin
1608	french
1605	sullivan
1604	vikings
1603	new york giants
1602	photograph
1600	seattle seahawks
1600	ben carson
1599	u.s. food
1596	kane
1593	byu
1592	shell
1590	now
1586	harris
1586	brady
1583	gaal
1581	soviet union
1577	interior
1576	glossip
1576	hadoop
1573	belgium
1570	novartis
1566	kurdish
1563	tampa bay
1562	menafn
1562	families
1557	ceos
1555	capitol hill
1555	parker
1554	u.s. district court
1553	atlanta
1553	armenia
1545	murphy
1545	samoa
1544	viktor orban
1543	calais
1536	rhode island
1532	united states
1529	chris christie
1522	source research
1520	sarah smith research advisor
1519	icc
1519	netherlands
1518	south dakota
1518	mike huckabee
1517	palestine
1514	revenue
1513	six financial postage
1512	cisco
1511	montana
1511	khan
1510	howard
1509	london stock exchange
1509	comcast
1509	mcconnell
1507	pm
1505	diy
1505	wembley
1504	pa
1502	navy
1501	bond
1497	meyer
1496	european central bank
1496	liberia
1496	amgen
1493	comedy central
1491	kylie
1485	mercedes
1482	mulcair
1480	haryana
1477	bay area
1475	marketsandmarkets
1475	gmt
1472	ronald reagan
1472	arsene wenger
1471	trudeau
1464	catalonia
1464	dutton
1463	vat
1463	red cross
1462	human services
1460	security council
1460	pennetta
1459	ahmed
1458	llp
1458	rbc capital
1457	houston
1456	committee
1456	southeast asia
1454	italian grand prix
1453	martial
1452	affordable care act
1452	see
1451	facebook share
1446	iowa
1446	main street
1446	url
1444	bbc radio
1442	fomc
1442	ashley madison
1441	myanmar
1440	faa
1440	cyprus
1440	morocco
1439	foreign affairs
1439	chicago bears
1435	porsche
1434	daily show
1434	public
1433	ford
1433	broncos
1431	venus
1429	simply
1429	vip
1427	hollywood
1426	wayne rooney
1424	red bull
1423	grand mosque
1423	holy spirit
1422	va
1416	cto
1415	florida
1414	audi
1408	noah
1404	virginia tech
1404	honda
1404	ipo
1403	harvard
1402	netanyahu
1400	middle eastern
1400	mcdonnell
1399	pittsburgh steelers
1398	uganda
1398	bharatiya janata party
1397	lopez
1397	giants
1396	edinburgh
1396	justice department
1394	san marino
1394	drake
1394	tanzania
1392	forbes
1392	green bay packers
1392	macau
1391	lg
1389	co2
1388	anthony martial
1388	ubs
1387	malcolm turnbull
1386	palmer
1386	vinci
1386	springboks
1386	deloitte
1385	bachelor
1381	gatland
1381	mcdonald
1381	mri
1379	pmi
1379	greens
1378	taylor
1374	fallon
1374	aussie
1374	barclays
1372	gissendaner
1368	social network
1367	otc
1367	transport
1366	tmz
1364	mls
1361	mississippi
1358	slovenia
1357	de gea
1357	academy
1356	benjamin netanyahu
1355	orban
1354	boeing
1353	lions
1351	use
1350	harry potter
1348	moody
1347	tajikistan
1343	wright
1343	john boehner
1342	dow jones industrial average
1342	patel
1338	kim kardashian
1336	instagram
1334	latin
1333	oecd
1333	nyc
1332	steelers
1332	us federal reserve
1331	tesla
1330	east coast
1330	national institute
1324	florida state
1323	wells fargo
1322	chief financial officer
1321	communications
1320	smes
1319	josh
1319	city hall
1319	welsh
1316	hd
1313	emv
1313	starbucks
1311	hilton
1311	new york jets
1308	finance
1307	spurs
1305	hindu
1305	medtronic
1305	isil
1303	collaboration
1302	international monetary fund
1301	kyrgios
1301	nintendo
1301	buffalo bills
1300	american airlines
1298	sba
1298	allah
1297	cloud expo
1295	ani
1295	ticker report
1293	western australia
1293	hezbollah
1292	canaccord genuity
1289	madison square garden
1288	konta
1288	lewis
1287	bishop
1286	ipad pro
1284	assembly
1283	fca
1282	rodriguez
1280	steve jobs
1280	andy murray
1279	tcu
1279	raf
1278	pinterest
1276	telegraph
1275	idc
1274	appeals
1274	stamford bridge
1274	coo
1272	login or
1270	lebanon
1268	najib
1267	stephen harper
1267	travel size
1266	juventus
1266	afc
1266	bollywood
1265	bluetooth
1264	cagr
1264	jimmy fallon
1263	public health
1263	west africa
1262	gopro
1262	doctor
1261	georgia tech
1260	perry
1260	thomson
1257	boston red sox
1257	adelaide
1256	interior ministry
1256	costa rica
1256	fl
1255	burgess
1255	brendan rodgers
1253	west brom
1253	punjab
1253	anfield
1253	society
1250	shaw
1248	colts
1247	congo
1246	romo
1246	manhattan
1246	soviet
1245	aleppo
1244	czech
1244	environmental protection agency
1243	manziel
1243	hvac
1243	tx
1243	moore
1241	francois hollande
1241	eastern europe
1240	corporation
1239	halloween
1238	miss america
1237	market
1237	beatles
1237	dui
1236	javits center
1235	idaho
1235	communist party
1235	thompson
1233	marco rubio
1233	abdullah
1232	maryland
1229	general manager
1229	nazi
1229	etf
1229	kanye
1228	snl inst
1227	labor
1224	settings
1224	tsipras
1224	hamilton
1222	here
1217	rosberg
1216	mit
1216	catalan
1214	ngos
1213	estonia
1211	atlanta falcons
1208	john kasich
1208	democratic party
1207	falcons
1207	europa league
1206	yorkshire
1204	centre
1204	bashar assad
1204	ole miss
1203	iiroc
1203	wsj
1202	mr. trump
1202	environmentguru
1201	albuquerque journal
1200	abraham
1198	colorado
1197	amd
1196	british airways
1196	photo
1195	duke
1195	nsa
1195	lake county
1194	pfizer
1194	reds
1191	cancel send
1191	facebook try another audio
1191	siri
1191	pm modi
1189	bennett
1189	media
1188	maharashtra
1187	american association
1186	frost
1185	haiti
1184	new democracy
1184	adobe
1184	skype
1181	singh
1180	leeds
1179	director
1179	jpmorgan chase
1179	new south wales
1178	diego costa
1178	johnny depp
1177	tunisia
1176	lithuania
1176	social media
1174	watford
1174	reagan
1173	news
1171	dell
1170	nj
1170	verizon
1169	philadelphia eagles
1167	oem
1167	eastern time
1166	hence
1165	dallas
1165	morningstar
1164	davis
1163	spaniard
1163	malta
1162	bulger
1161	esq
1161	justin bieber
1161	things
1160	peyton manning
1160	cheika
1159	mlb
1158	chicago tribune
1158	manchester city
1157	nobody
1156	isin
1156	raul castro
1154	zambia
1152	saraki
1151	sms
1151	canadian press
1151	oems
1150	colombian
1150	central america
1150	chile
1149	gabriel
1147	lebanese
1147	dup
1146	fitch
1146	bills
1146	etfs
1145	ferguson
1144	associates
1144	vancouver
1144	peter dutton
1143	formula one
1140	hewitt
1140	odisha
1139	prnewswire
1138	eurekalert
1138	coleman
1138	national weather service
1137	cameron
1137	taiwan
1137	seo
1136	astros
1136	atlantic
1135	gaza
1134	linux
1134	culture
1133	bmc
1131	arthur ashe stadium
1130	wallabies
