229231	leave
166825	pay
149530	risk
121027	problem
119852	challenge
106565	fire
106089	stop
101202	hard
99082	cut
98677	miss
97576	war
96791	kill
95725	demand
94506	death
94274	attack
93441	loss
91969	bad
84499	fight
80273	cancer
77097	die
74602	injury
72813	drop
64100	arrest
60219	crisis
58817	pressure
58775	block
58568	fail
55524	strike
50491	difficult
49536	struggle
48065	suffer
47414	victim
45764	damage
45725	crime
43370	threat
43314	lack
42897	fear
42627	battle
42608	avoid
41244	shoot
41094	warn
40999	suspect
40764	debt
40629	dead
39975	wrong
39489	prevent
38901	limited
38226	murder
37486	emergency
37077	poor
36093	accuse
36080	admit
35692	crash
34300	alone
33132	criminal
32540	refuse
32513	delay
32492	violence
32350	pain
31727	ban
31304	penalty
31195	abuse
30960	worry
29320	conflict
29126	sentence
29077	prison
28236	deny
28202	failure
27124	forget
26672	gun
26069	doubt
26010	alert
25954	negative
25248	accident
25051	shock
24786	protest
24490	waste
24018	trouble
23376	hurt
23225	mistake
23189	error
22180	threaten
21830	steal
20885	guilty
20802	blame
20540	escape
20243	reject
19103	suspend
18961	weak
18944	bomb
18895	illegal
18738	gross
18376	clash
18211	lawsuit
18055	disaster
17933	hide
17671	destroy
17547	slam
17003	expose
16633	scandal
16498	litigation
15938	injured
15893	rob
15762	poverty
15582	severe
15217	collapse
15165	cancel
14905	danger
14743	cry
14559	suicide
14497	dispute
14343	crazy
14314	exclude
14136	ignore
14086	upset
13980	fraud
13907	combat
13877	criticism
13831	disorder
13606	impose
13444	critic
13231	sorry
13191	controversial
13056	harm
13000	funeral
12985	illness
12745	broken
12726	vulnerable
12675	restriction
12653	gray
12585	hate
12380	barrier
12037	sad
