517588	like
443707	share
378063	help
359009	good
341977	want
274438	support
268337	win
260427	great
251522	big
244969	best
208808	top
199978	increase
186586	free
179587	solution
178228	love
158587	allow
157199	growth
143979	united
141291	care
140888	please
139874	opportunity
132494	important
130035	interest
122586	reach
115658	strong
112427	award
110216	join
106265	improve
100378	benefit
96331	fan
89493	easy
88725	clear
84278	chance
83258	matter
83024	hope
81064	save
79756	authority
78594	kind
77825	safety
76884	enjoy
76626	ensure
72524	agreement
70304	ability
68370	asset
67776	success
67741	gain
66670	significant
61880	trust
61668	agree
60717	protect
60336	god
59515	certain
59159	natural
59066	happy
58930	expand
57935	legal
57245	welcome
56341	fun
56253	pretty
55446	winner
53948	promote
53811	true
53161	huge
52660	popular
52478	grand
52217	accept
51971	safe
50695	positive
48930	secure
48743	grant
48203	worth
48058	perfect
47233	highlight
46833	successful
46391	innovation
46365	clean
46134	excite
45845	celebrate
45320	engage
45036	smart
43950	encourage
43760	promise
43531	fit
43118	fine
41820	effective
41808	commit
41359	healthy
41211	justice
41054	extend
40359	commitment
40297	fair
40097	favorite
39884	innovative
39715	fresh
39475	thank
39387	thanks
39092	advantage
38662	yes
38608	super
38472	wish
37305	responsible
37096	progress
36989	active
36773	competitive
35926	beautiful
35784	dream
35184	honor
34968	straight
34790	peace
34644	nice
34538	improvement
34376	boost
33026	cool
32679	powerful
32109	interested
31978	strength
31516	proud
31101	vision
30997	confidence
30977	creative
30827	comprehensive
30516	inspire
29934	guarantee
29438	invite
29308	approval
28816	rich
28686	outstanding
28633	recommend
28586	clearly
28102	spirit
27799	gift
27268	prospect
26946	freedom
26069	solid
25177	supporter
24420	faith
24418	exclusive
24344	attract
23741	rescue
23321	excellent
23124	adopt
22597	warm
22516	desire
21464	confident
21336	reward
21087	importance
21012	jesus
20899	sweet
20858	feeling
20666	strengthen
20453	impressive
20394	amaze
20329	novel
20314	hero
19960	ease
19865	comfortable
19822	smile
19474	comedy
19291	solve
18691	effectively
18484	wonderful
17967	fitness
17437	bright
17191	exploration
17133	advanced
17114	laugh
17066	resolve
17061	wealth
16730	spark
16678	praise
16577	fantastic
16306	embrace
16107	defender
16090	adventure
15895	appreciate
15770	interesting
15736	pleased
15735	friendly
15656	comfort
15486	grace
15176	restore
15088	stable
14880	hopefully
14862	capable
14741	lucky
14668	joy
14542	favor
14388	joke
14200	amazing
14155	useful
14135	funny
13907	courtesy
13866	alive
13693	superior
13478	prepared
13329	diamond
13183	excellence
13134	tender
12930	convince
12736	honest
12635	awesome
12578	inspiration
12571	excited
11960	bless
