517588	like
359009	good
260427	great
251522	big
244969	best
186586	free
143979	united
132494	important
115658	strong
89493	easy
88725	clear
78594	kind
66670	significant
59515	certain
59159	natural
59066	happy
57935	legal
56253	pretty
53161	huge
52660	popular
52478	grand
51971	safe
50695	positive
48930	secure
48058	perfect
46833	successful
46365	clean
45036	smart
43531	fit
43118	fine
41820	effective
41359	healthy
40297	fair
39715	fresh
37305	responsible
36989	active
36773	competitive
35926	beautiful
34968	straight
34644	nice
33026	cool
32679	powerful
32109	interested
31516	proud
30977	creative
30827	comprehensive
28816	rich
28686	outstanding
26069	solid
24418	exclusive
23321	excellent
22597	warm
21464	confident
20899	sweet
20453	impressive
19865	comfortable
18691	effectively
18484	wonderful
17437	bright
16577	fantastic
15770	interesting
15735	friendly
14862	capable
14741	lucky
14200	amazing
14155	useful
14135	funny
13866	alive
13693	superior
13478	prepared
13134	tender
12736	honest
12635	awesome
12571	excited
